<?xml version="1.0" encoding="UTF-8" ?>
<testsuite tests="1" failures="0" name="com.demo.test.AppTest" time="0.161" errors="0" skipped="0">
  <properties>
    <property name="PROCESSOR_ARCHITECTURE" value="AMD64"/>
    <property name="file.encoding.pkg" value="sun.io"/>
    <property name="LOGONSERVER" value="\\FTPTF"/>
    <property name="ProgramData" value="C:\ProgramData"/>
    <property name="java.home" value="C:\Program Files\Java\jdk1.8.0_45\jre"/>
    <property name="TITLE" value="Tomcat"/>
    <property name="NODE_NAME" value="master"/>
    <property name="JENKINS_URL" value="http://localhost:8080/jenkins/"/>
    <property name="CATALINA_HOME" value="C:\Software\tomcat8"/>
    <property name="ALLUSERSPROFILE" value="C:\ProgramData"/>
    <property name="java.endorsed.dirs" value="C:\Program Files\Java\jdk1.8.0_45\jre\lib\endorsed"/>
    <property name="PSModulePath" value="C:\Windows\system32\WindowsPowerShell\v1.0\Modules\"/>
    <property name="=::" value="::\"/>
    <property name="USERDOMAIN" value="FTP1"/>
    <property name="sun.os.patch.level" value=""/>
    <property name="java.vendor.url" value="http://java.oracle.com/"/>
    <property name="JAVA_OPTS" value=" -Djava.util.logging.config.file=&quot;C:\Software\tomcat8\conf\logging.properties&quot; -Djava.util.logging.manager=org.apache.juli.ClassLoaderLogManager"/>
    <property name="CommonProgramFiles(x86)" value="C:\Program Files (x86)\Common Files"/>
    <property name="java.version" value="1.8.0_45"/>
    <property name="JOB_NAME" value="Junit_Build_V1"/>
    <property name="COMPUTERNAME" value="WLF15J31"/>
    <property name="EXECUTABLE" value="C:\Software\tomcat8\bin\catalina.bat"/>
    <property name="java.vendor.url.bug" value="http://bugreport.sun.com/bugreport/"/>
    <property name="PUBLIC" value="C:\Users\Public"/>
    <property name="user.name" value="102603"/>
    <property name="sun.io.unicode.encoding" value="UnicodeLittle"/>
    <property name="sun.jnu.encoding" value="Cp1252"/>
    <property name="java.runtime.name" value="Java(TM) SE Runtime Environment"/>
    <property name="windir" value="C:\Windows"/>
    <property name="PROCESSOR_IDENTIFIER" value="Intel64 Family 6 Model 61 Stepping 4, GenuineIntel"/>
    <property name="GIT_COMMITTER_EMAIL" value="nanda.pttr@gmail.com"/>
    <property name="java.specification.name" value="Java Platform API Specification"/>
    <property name="LOCALAPPDATA" value="C:\Users\102603\AppData\Local"/>
    <property name="user.timezone" value="Asia/Calcutta"/>
    <property name="user.script" value=""/>
    <property name="path.separator" value=";"/>
    <property name="NUMBER_OF_PROCESSORS" value="4"/>
    <property name="BUILD_TAG" value="jenkins-Junit_Build_V1-39"/>
    <property name="file.encoding" value="Cp1252"/>
    <property name="sun.java.command" value="jenkins.maven3.agent.Maven31Main C:\Software\apache-maven-3.3.3 C:\Software\tomcat8\webapps\jenkins\WEB-INF\lib\remoting-2.50.jar C:\Users\102603\.jenkins\plugins\maven-plugin\WEB-INF\lib\maven31-interceptor-1.5.jar C:\Users\102603\.jenkins\plugins\maven-plugin\WEB-INF\lib\maven3-interceptor-commons-1.5.jar 51116"/>
    <property name="HUDSON_URL" value="http://localhost:8080/jenkins/"/>
    <property name="JENKINS_SERVER_COOKIE" value="950d6546432ffffc"/>
    <property name="EXECUTOR_NUMBER" value="1"/>
    <property name="Path" value="C:\Program Files\Java\jdk1.8.0_45/bin;C:\ProgramData\Oracle\Java\javapath;C:\Windows\system32;C:\Windows;C:\Windows\System32\Wbem;C:\Windows\System32\WindowsPowerShell\v1.0\;C:\Program Files\Intel\WiFi\bin\;C:\Program Files\Common Files\Intel\WirelessCommon\;C:\Program Files (x86)\Skype\Phone\%ANT_HOME%\bin;C:\Program Files\Java\jdk1.8.0_45\bin;C:\apache-ant-1.9.6\bin;C:\Software\apache-maven-3.3.3\bin;C:\Program Files\TortoiseGit\bin;C:\ProgramData\Oracle\Java\javapath;C:\Windows\system32;C:\Windows;C:\Windows\System32\Wbem;C:\Windows\System32\WindowsPowerShell\v1.0\;C:\Program Files\Intel\WiFi\bin\;C:\Program Files\Common Files\Intel\WirelessCommon\;C:\Program Files (x86)\Skype\Phone\%ANT_HOME%\bin;C:\Program Files\Java\jdk1.8.0_45\bin;C:\apache-ant-1.9.6\bin;C:\Software\apache-maven-3.3.3\bin;C:\Program Files\TortoiseGit\bin;C:\apache-ant-1.9.6\bin"/>
    <property name="GIT_COMMIT" value="9a480aa0590fd7bdad2157989614f235cb1db619"/>
    <property name="GIT_COMMITTER_NAME" value="nandaTF"/>
    <property name="java.io.tmpdir" value="C:\Users\102603\AppData\Local\Temp\"/>
    <property name="APPDATA" value="C:\Users\102603\AppData\Roaming"/>
    <property name="user.language" value="en"/>
    <property name="CATALINA_TMPDIR" value="C:\Software\tomcat8\temp"/>
    <property name="line.separator" value="
"/>
    <property name="BUILD_URL" value="http://localhost:8080/jenkins/job/Junit_Build_V1/39/"/>
    <property name="JAVA_ENDORSED_DIRS" value="C:\Software\tomcat8\endorsed"/>
    <property name="ACTION" value="start"/>
    <property name="M2_HOME" value="C:\Software\apache-maven-3.3.3"/>
    <property name="=C:" value="C:\Software\tomcat8\bin"/>
    <property name="java.vm.info" value="mixed mode"/>
    <property name="sun.desktop" value="windows"/>
    <property name="java.vm.specification.name" value="Java Virtual Machine Specification"/>
    <property name="BUILD_DISPLAY_NAME" value="#39"/>
    <property name="OS" value="Windows_NT"/>
    <property name="guice.disable.misplaced.annotation.check" value="true"/>
    <property name="CATALINA_BASE" value="C:\Software\tomcat8"/>
    <property name="HUDSON_SERVER_COOKIE" value="950d6546432ffffc"/>
    <property name="JRE_HOME" value="C:\Program Files\Java\jdk1.8.0_45"/>
    <property name="_EXECJAVA" value="start &quot;Tomcat&quot; &quot;C:\Program Files\Java\jdk1.8.0_45\bin\java.exe&quot;"/>
    <property name="_RUNJAVA" value="&quot;C:\Program Files\Java\jdk1.8.0_45\bin\java.exe&quot;"/>
    <property name="MAVEN_HOME" value="C:\Software\apache-maven-3.3.3"/>
    <property name="SESSIONNAME" value="Console"/>
    <property name="PATHEXT" value=".COM;.EXE;.BAT;.CMD;.VBS;.VBE;.JS;.JSE;.WSF;.WSH;.MSC"/>
    <property name="java.awt.printerjob" value="sun.awt.windows.WPrinterJob"/>
    <property name="maven3.interceptor.common" value="C:\Users\102603\.jenkins\plugins\maven-plugin\WEB-INF\lib\maven3-interceptor-commons-1.5.jar"/>
    <property name="CLASSPATH" value=""/>
    <property name="LOGGING_CONFIG" value="-Djava.util.logging.config.file=&quot;C:\Software\tomcat8\conf\logging.properties&quot;"/>
    <property name="MVN_HOME" value="C:\Software\apache-maven-3.3.3"/>
    <property name="HOMEPATH" value="\Users\102603"/>
    <property name="os.name" value="Windows 8.1"/>
    <property name="java.specification.vendor" value="Oracle Corporation"/>
    <property name="FP_NO_HOST_CHECK" value="NO"/>
    <property name="java.vm.name" value="Java HotSpot(TM) 64-Bit Server VM"/>
    <property name="BUILD_NUMBER" value="39"/>
    <property name="maven3.interceptor" value="C:\Users\102603\.jenkins\plugins\maven-plugin\WEB-INF\lib\maven31-interceptor-1.5.jar"/>
    <property name="java.library.path" value="C:\Program Files\Java\jdk1.8.0_45\bin;C:\Windows\Sun\Java\bin;C:\Windows\system32;C:\Windows;C:\Software\apache-maven-3.3.3/bin;C:\Program Files\Java\jdk1.8.0_45/bin;C:\Program Files\Java\jdk1.8.0_45/bin;C:\ProgramData\Oracle\Java\javapath;C:\Windows\system32;C:\Windows;C:\Windows\System32\Wbem;C:\Windows\System32\WindowsPowerShell\v1.0\;C:\Program Files\Intel\WiFi\bin\;C:\Program Files\Common Files\Intel\WirelessCommon\;C:\Program Files (x86)\Skype\Phone\%ANT_HOME%\bin;C:\Program Files\Java\jdk1.8.0_45\bin;C:\apache-ant-1.9.6\bin;C:\Software\apache-maven-3.3.3\bin;C:\Program Files\TortoiseGit\bin;C:\ProgramData\Oracle\Java\javapath;C:\Windows\system32;C:\Windows;C:\Windows\System32\Wbem;C:\Windows\System32\WindowsPowerShell\v1.0\;C:\Program Files\Intel\WiFi\bin\;C:\Program Files\Common Files\Intel\WirelessCommon\;C:\Program Files (x86)\Skype\Phone\%ANT_HOME%\bin;C:\Program Files\Java\jdk1.8.0_45\bin;C:\apache-ant-1.9.6\bin;C:\Software\apache-maven-3.3.3\bin;C:\Program Files\TortoiseGit\bin;C:\apache-ant-1.9.6\bin;."/>
    <property name="HOMEDRIVE" value="C:"/>
    <property name="GIT_AUTHOR_EMAIL" value="nanda.pttr@gmail.com"/>
    <property name="POM_GROUPID" value="com.demo.test"/>
    <property name="POM_ARTIFACTID" value="test"/>
    <property name="java.class.version" value="52.0"/>
    <property name="LOGGING_MANAGER" value="-Djava.util.logging.manager=org.apache.juli.ClassLoaderLogManager"/>
    <property name="_RUNJDB" value="&quot;C:\Program Files\Java\jdk1.8.0_45\bin\jdb.exe&quot;"/>
    <property name="JOB_URL" value="http://localhost:8080/jenkins/job/Junit_Build_V1/"/>
    <property name="GIT_PREVIOUS_COMMIT" value="9a480aa0590fd7bdad2157989614f235cb1db619"/>
    <property name="ANT_HOME" value="C:\apache-ant-1.9.6"/>
    <property name="GIT_BRANCH" value="origin/master"/>
    <property name="MAINCLASS" value="org.apache.catalina.startup.Bootstrap"/>
    <property name="JENKINS_HOME" value="C:\Users\102603\.jenkins"/>
    <property name="BUILD_ID" value="39"/>
    <property name="TEMP" value="C:\Users\102603\AppData\Local\Temp"/>
    <property name="sun.boot.library.path" value="C:\Program Files\Java\jdk1.8.0_45\jre\bin"/>
    <property name="sun.management.compiler" value="HotSpot 64-Bit Tiered Compilers"/>
    <property name="java.awt.graphicsenv" value="sun.awt.Win32GraphicsEnvironment"/>
    <property name="user.variant" value=""/>
    <property name="PROCESSOR_REVISION" value="3d04"/>
    <property name="POM_VERSION" value="1.0-SNAPSHOT"/>
    <property name="HUDSON_HOME" value="C:\Users\102603\.jenkins"/>
    <property name="GIT_PREVIOUS_SUCCESSFUL_COMMIT" value="9a480aa0590fd7bdad2157989614f235cb1db619"/>
    <property name="ProgramFiles(x86)" value="C:\Program Files (x86)"/>
    <property name="PATH+MAVEN" value="C:\Software\apache-maven-3.3.3/bin"/>
    <property name="USERDOMAIN_ROAMINGPROFILE" value="FTP1"/>
    <property name="PROMPT" value="$P$G"/>
    <property name="CURRENT_DIR" value="C:\Software\tomcat8\bin"/>
    <property name="java.vm.specification.version" value="1.8"/>
    <property name="JAVA_HOME" value="C:\Program Files\Java\jdk1.8.0_45"/>
    <property name="awt.toolkit" value="sun.awt.windows.WToolkit"/>
    <property name="NODE_LABELS" value="master"/>
    <property name="sun.cpu.isalist" value="amd64"/>
    <property name="USERPROFILE" value="C:\Users\102603"/>
    <property name="java.ext.dirs" value="C:\Program Files\Java\jdk1.8.0_45\jre\lib\ext;C:\Windows\Sun\Java\lib\ext"/>
    <property name="os.version" value="6.3"/>
    <property name="user.home" value="C:\Users\102603"/>
    <property name="USERNAME" value="102603"/>
    <property name="java.vm.vendor" value="Oracle Corporation"/>
    <property name="PROCESSOR_LEVEL" value="6"/>
    <property name="USERDNSDOMAIN" value="FTP1.BLR"/>
    <property name="CommonProgramW6432" value="C:\Program Files\Common Files"/>
    <property name="user.dir" value="C:\Junit_jenkins\Junit_test"/>
    <property name="ProgramW6432" value="C:\Program Files"/>
    <property name="TMP" value="C:\Users\102603\AppData\Local\Temp"/>
    <property name="sun.cpu.endian" value="little"/>
    <property name="SystemDrive" value="C:"/>
    <property name="ESET_OPTIONS" value="                                                                                                                                                                                                                                                                                                                                                                                                                                                                                                                               "/>
    <property name="java.vm.version" value="25.45-b02"/>
    <property name="java.class.path" value="C:\Users\102603\.jenkins\plugins\maven-plugin\WEB-INF\lib\maven31-agent-1.5.jar;C:\Software\apache-maven-3.3.3\boot\plexus-classworlds-2.5.2.jar;C:\Software\apache-maven-3.3.3/conf/logging"/>
    <property name="org.slf4j.simpleLogger.defaultLogLevel" value="info"/>
    <property name="os.arch" value="amd64"/>
    <property name="WORKSPACE" value="C:\Users\102603\.jenkins\workspace\Junit_Build_V1"/>
    <property name="ComSpec" value="C:\Windows\system32\cmd.exe"/>
    <property name="sun.java.launcher" value="SUN_STANDARD"/>
    <property name="SystemRoot" value="C:\Windows"/>
    <property name="CommonProgramFiles" value="C:\Program Files\Common Files"/>
    <property name="java.vm.specification.vendor" value="Oracle Corporation"/>
    <property name="file.separator" value="\"/>
    <property name="java.runtime.version" value="1.8.0_45-b15"/>
    <property name="sun.boot.class.path" value="C:\Program Files\Java\jdk1.8.0_45\jre\lib\resources.jar;C:\Program Files\Java\jdk1.8.0_45\jre\lib\rt.jar;C:\Program Files\Java\jdk1.8.0_45\jre\lib\sunrsasign.jar;C:\Program Files\Java\jdk1.8.0_45\jre\lib\jsse.jar;C:\Program Files\Java\jdk1.8.0_45\jre\lib\jce.jar;C:\Program Files\Java\jdk1.8.0_45\jre\lib\charsets.jar;C:\Program Files\Java\jdk1.8.0_45\jre\lib\jfr.jar;C:\Program Files\Java\jdk1.8.0_45\jre\classes"/>
    <property name="ProgramFiles" value="C:\Program Files"/>
    <property name="PATH+JDK" value="C:\Program Files\Java\jdk1.8.0_45/bin"/>
    <property name="user.country" value="IN"/>
    <property name="POM_PACKAGING" value="jar"/>
    <property name="maven.home" value="C:\Software\apache-maven-3.3.3"/>
    <property name="java.vendor" value="Oracle Corporation"/>
    <property name="GIT_AUTHOR_NAME" value="nandaTF"/>
    <property name="POM_DISPLAYNAME" value="test"/>
    <property name="java.specification.version" value="1.8"/>
    <property name="sun.arch.data.model" value="64"/>
    <property name="GIT_URL" value="https://github.com/nandaTF/Junit_jenkins.git"/>
  </properties>
  <testcase classname="com.demo.test.AppTest" name="testLengthOfTheUniqueKey" time="0.161"/>
</testsuite>